c:\users\codingmylife\documents\visual studio 2015\projects\todo-app\todo-app\debug\vc140.pdb
c:\users\codingmylife\documents\visual studio 2015\projects\todo-app\todo-app\debug\.netframework,version=v4.5.2.assemblyattributes.obj
c:\users\codingmylife\documents\visual studio 2015\projects\todo-app\todo-app\debug\.netframework,version=v4.5.2.assemblyattributes.asm
c:\users\codingmylife\documents\visual studio 2015\projects\todo-app\todo-app\debug\myform.obj
c:\users\codingmylife\documents\visual studio 2015\projects\todo-app\todo-app\debug\mainwindow.obj
c:\users\codingmylife\documents\visual studio 2015\projects\todo-app\debug\todo-app.exe
c:\users\codingmylife\documents\visual studio 2015\projects\todo-app\debug\todo-app.pdb
c:\users\codingmylife\documents\visual studio 2015\projects\todo-app\todo-app\debug\todo_app.myform.resources
c:\users\codingmylife\documents\visual studio 2015\projects\todo-app\todo-app\debug\todo_app.mainwindow.resources
c:\users\codingmylife\documents\visual studio 2015\projects\todo-app\todo-app\debug\todo-app.vcxproj.generateresource.cache
c:\users\codingmylife\documents\visual studio 2015\projects\todo-app\todo-app\debug\todo-app.vcxprojresolveassemblyreference.cache
c:\users\codingmylife\documents\visual studio 2015\projects\todo-app\todo-app\debug\todo-app.tlog\cl.command.1.tlog
c:\users\codingmylife\documents\visual studio 2015\projects\todo-app\todo-app\debug\todo-app.tlog\cl.read.1.tlog
c:\users\codingmylife\documents\visual studio 2015\projects\todo-app\todo-app\debug\todo-app.tlog\cl.write.1.tlog
c:\users\codingmylife\documents\visual studio 2015\projects\todo-app\todo-app\debug\todo-app.tlog\link.command.1.tlog
c:\users\codingmylife\documents\visual studio 2015\projects\todo-app\todo-app\debug\todo-app.tlog\link.read.1.tlog
c:\users\codingmylife\documents\visual studio 2015\projects\todo-app\todo-app\debug\todo-app.tlog\link.write.1.tlog
c:\users\codingmylife\documents\visual studio 2015\projects\todo-app\todo-app\debug\todo-app.tlog\metagen.read.1.tlog
c:\users\codingmylife\documents\visual studio 2015\projects\todo-app\todo-app\debug\todo-app.tlog\metagen.write.1.tlog
c:\users\codingmylife\documents\visual studio 2015\projects\todo-app\todo-app\debug\todo-app.tlog\rc.command.1.tlog
c:\users\codingmylife\documents\visual studio 2015\projects\todo-app\todo-app\debug\todo-app.tlog\rc.read.1.tlog
c:\users\codingmylife\documents\visual studio 2015\projects\todo-app\todo-app\debug\todo-app.tlog\rc.write.1.tlog
c:\users\codingmylife\documents\visual studio 2015\projects\todo-app\todo-app\debug\todo-app.tlog\todo-app.write.1u.tlog
c:\users\codingmylife\documents\visual studio 2015\projects\todo-app\todo-app\debug\todo-app.tlog\tzres.dll.bi
